<?xml version="1.0" encoding="UTF-8"?>
<!-- Generated by org.testng.reporters.JUnitXMLReporter -->
<testsuite hostname="DESKTOP-L2FA2TH" ignored="0" name="ValidateTitle" tests="2" failures="1" timestamp="2021-01-18T14:06:08 IST" time="11.485" errors="0">
  <testcase name="headerValidation" time="0.001" classname="Academy.validateTitle">
    <failure type="java.lang.NullPointerException">
      <![CDATA[java.lang.NullPointerException
at Academy.validateTitle.headerValidation(validateTitle.java:49)
at java.util.ArrayList.forEach(ArrayList.java:1259)
at java.util.concurrent.FutureTask.run(FutureTask.java:266)
at java.util.concurrent.ThreadPoolExecutor.runWorker(ThreadPoolExecutor.java:1149)
at java.util.concurrent.ThreadPoolExecutor$Worker.run(ThreadPoolExecutor.java:624)
at java.lang.Thread.run(Thread.java:748)
... Removed 18 stack frames]]>
    </failure>
  </testcase> <!-- headerValidation -->
  <testcase name="titleValidation" time="0.046" classname="Academy.validateTitle"/>
</testsuite> <!-- ValidateTitle -->
