-------------------------------------------------------------------------------
Test set: TestSuite
-------------------------------------------------------------------------------
Tests run: 5, Failures: 1, Errors: 0, Skipped: 0, Time elapsed: 14.955 s <<< FAILURE! - in TestSuite
Academy.validateTitle.headerValidation  Time elapsed: 0.871 s  <<< FAILURE!
java.lang.NullPointerException
	at Academy.validateTitle.headerValidation(validateTitle.java:49)

